#
# There is insufficient memory for the Java Runtime Environment to continue.
# Native memory allocation (mmap) failed to map 125829120 bytes for G1 virtual space
# Possible reasons:
#   The system is out of physical RAM or swap space
#   The process is running with CompressedOops enabled, and the Java Heap may be blocking the growth of the native heap
# Possible solutions:
#   Reduce memory load on the system
#   Increase physical memory or swap space
#   Check if swap backing store is full
#   Decrease Java heap size (-Xmx/-Xms)
#   Decrease number of Java threads
#   Decrease Java thread stack sizes (-Xss)
#   Set larger code cache with -XX:ReservedCodeCacheSize=
#   JVM is running with Unscaled Compressed Oops mode in which the Java heap is
#     placed in the first 4GB address space. The Java Heap base address is the
#     maximum limit for the native heap growth. Please use -XX:HeapBaseMinAddress
#     to set the Java Heap base and to place the Java Heap above 4GB virtual address.
# This output file may be truncated or incomplete.
#
#  Out of Memory Error (./open/src/hotspot/os/windows/os_windows.cpp:3321), pid=14264, tid=11156
#
# JRE version:  (15.0.2+7) (build )
# Java VM: OpenJDK 64-Bit Server VM (15.0.2+7-27, mixed mode, sharing, tiered, compressed oops, g1 gc, windows-amd64)
# No core dump will be written. Minidumps are not enabled by default on client versions of Windows
#

---------------  S U M M A R Y ------------

Command Line: -agentlib:jdwp=transport=dt_socket,address=127.0.0.1:52419,suspend=y,server=n -XX:TieredStopAtLevel=1 -Xverify:none -Dspring.output.ansi.enabled=always -Dcom.sun.management.jmxremote -Dspring.jmx.enabled=true -Dspring.liveBeansView.mbeanDomain -Dspring.application.admin.enabled=true -javaagent:C:\Users\12AC~1\AppData\Local\Temp\captureAgent8jars\debugger-agent.jar -Dfile.encoding=UTF-8 ru.praktika.kotouslugi.KotouslugiApplication

Host: AMD A4-9120 RADEON R3, 4 COMPUTE CORES 2C+2G   , 2 cores, 7G,  Windows 10 , 64 bit Build 19041 (10.0.19041.1466)
Time: Sun Jan 30 22:08:14 2022 RTZ 2 (зима) elapsed time: 0.088806 seconds (0d 0h 0m 0s)

---------------  T H R E A D  ---------------

Current thread (0x000002698eb8cc00):  JavaThread "Unknown thread" [_thread_in_vm, id=11156, stack(0x000000bdf3c00000,0x000000bdf3d00000)]

Stack: [0x000000bdf3c00000,0x000000bdf3d00000]
Native frames: (J=compiled Java code, j=interpreted, Vv=VM code, C=native code)
V  [jvm.dll+0x62ae9a]
V  [jvm.dll+0x7817a9]
V  [jvm.dll+0x782f03]
V  [jvm.dll+0x783563]
V  [jvm.dll+0x216325]
V  [jvm.dll+0x6281d9]
V  [jvm.dll+0x61cf55]
V  [jvm.dll+0x2cffdd]
V  [jvm.dll+0x2cfe42]
V  [jvm.dll+0x2d5e1c]
V  [jvm.dll+0x32590a]
V  [jvm.dll+0x324fd4]
V  [jvm.dll+0x2a6f5a]
V  [jvm.dll+0x2a80f8]
V  [jvm.dll+0x75e241]
V  [jvm.dll+0x3341c4]
V  [jvm.dll+0x73e926]
V  [jvm.dll+0x3b7557]
V  [jvm.dll+0x3b8fe1]
C  [jli.dll+0x52fb]
C  [ucrtbase.dll+0x21bb2]
C  [KERNEL32.DLL+0x17034]
C  [ntdll.dll+0x52651]


---------------  P R O C E S S  ---------------

Threads class SMR info:
_java_thread_list=0x00007ffa2afe4ff0, length=0, elements={
}

Java Threads: ( => current thread )

Other Threads:
  0x000002698ebcbb90 GCTaskThread "GC Thread#0" [stack: 0x000000bdf3d00000,0x000000bdf3e00000] [id=14920]
  0x000002698ebdbba0 ConcurrentGCThread "G1 Main Marker" [stack: 0x000000bdf3e00000,0x000000bdf3f00000] [id=16208]
  0x000002698ebdc790 ConcurrentGCThread "G1 Conc#0" [stack: 0x0000000000000000,0x0000000000000000] [id=3060]

[error occurred during error reporting (printing all threads), id 0xc0000005, EXCEPTION_ACCESS_VIOLATION (0xc0000005) at pc=0x00007ffa2a7d7e27]

VM state: not at safepoint (not fully initialized)

VM Mutex/Monitor currently owned by a thread:  ([mutex/lock_event])
[0x000002698eb88f90] Heap_lock - owner thread: 0x000002698eb8cc00

Heap address: 0x0000000088a00000, size: 1910 MB, Compressed Oops mode: 32-bit
CDS archive(s) mapped at: [0x0000000000000000-0x0000000000000000-0x0000000000000000), size 0, SharedBaseAddress: 0x0000000800000000, ArchiveRelocationMode: 0.
Narrow klass base: 0x0000000000000000, Narrow klass shift: 0, Narrow klass range: 0x0

Heap:
 garbage-first heap   total 122880K, used 0K [0x0000000088a00000, 0x0000000100000000)
  region size 1024K, 0 young (0K), 0 survivors (0K)
 Metaspace       used 0K, capacity 0K, committed 0K, reserved 0K
  class space    used 0K, capacity 0K, committed 0K, reserved 0K

Heap Regions: E=young(eden), S=young(survivor), O=old, HS=humongous(starts), HC=humongous(continues), CS=collection set, F=free, OA=open archive, CA=closed archive, TAMS=top-at-mark-start (previous, next)

Card table byte_map: [0x00000269a5dc0000,0x00000269a6180000] _byte_map_base: 0x00000269a597b000

Marking Bits (Prev, Next): (CMBitMap*) 0x000002698ebcc380, (CMBitMap*) 0x000002698ebcc3c0
 Prev Bits: [0x00000269a6540000, 0x00000269a8318000)
 Next Bits: [0x00000269a8320000, 0x00000269aa0f8000)

GC Heap History (0 events):
No events

Deoptimization events (0 events):
No events

Classes unloaded (0 events):
No events

Classes redefined (0 events):
No events

Internal exceptions (0 events):
No events

Events (2 events):
Event: 0.070 Loaded shared library C:\Users\Mvideo\.jdks\openjdk-15.0.2\bin\java.dll
Event: 0.076 Loaded shared library C:\Users\Mvideo\.jdks\openjdk-15.0.2\bin\zip.dll


Dynamic libraries:
0x00007ff7d8df0000 - 0x00007ff7d8dfd000 	C:\Users\Mvideo\.jdks\openjdk-15.0.2\bin\java.exe
0x00007ffa5cc50000 - 0x00007ffa5ce45000 	C:\WINDOWS\SYSTEM32\ntdll.dll
0x00007ffa5b970000 - 0x00007ffa5ba2e000 	C:\WINDOWS\System32\KERNEL32.DLL
0x00007ffa5a810000 - 0x00007ffa5aad8000 	C:\WINDOWS\System32\KERNELBASE.dll
0x00007ffa5ab90000 - 0x00007ffa5ac90000 	C:\WINDOWS\System32\ucrtbase.dll
0x00007ffa4e420000 - 0x00007ffa4e438000 	C:\Users\Mvideo\.jdks\openjdk-15.0.2\bin\jli.dll
0x00007ffa5b2e0000 - 0x00007ffa5b481000 	C:\WINDOWS\System32\USER32.dll
0x00007ffa5a3f0000 - 0x00007ffa5a412000 	C:\WINDOWS\System32\win32u.dll
0x00007ffa5b060000 - 0x00007ffa5b08b000 	C:\WINDOWS\System32\GDI32.dll
0x00007ffa5a700000 - 0x00007ffa5a80d000 	C:\WINDOWS\System32\gdi32full.dll
0x00007ffa5a420000 - 0x00007ffa5a4bd000 	C:\WINDOWS\System32\msvcp_win.dll
0x00007ffa4cdf0000 - 0x00007ffa4ce09000 	C:\Users\Mvideo\.jdks\openjdk-15.0.2\bin\VCRUNTIME140.dll
0x00007ffa46a10000 - 0x00007ffa46caa000 	C:\WINDOWS\WinSxS\amd64_microsoft.windows.common-controls_6595b64144ccf1df_6.0.19041.1110_none_60b5254171f9507e\COMCTL32.dll
0x00007ffa5bd00000 - 0x00007ffa5bd9e000 	C:\WINDOWS\System32\msvcrt.dll
0x00007ffa5af90000 - 0x00007ffa5afc0000 	C:\WINDOWS\System32\IMM32.DLL
0x00007ffa53f30000 - 0x00007ffa53f3c000 	C:\Users\Mvideo\.jdks\openjdk-15.0.2\bin\vcruntime140_1.dll
0x00007ffa3e7a0000 - 0x00007ffa3e831000 	C:\Users\Mvideo\.jdks\openjdk-15.0.2\bin\msvcp140.dll
0x00007ffa2a520000 - 0x00007ffa2b07e000 	C:\Users\Mvideo\.jdks\openjdk-15.0.2\bin\server\jvm.dll
0x00007ffa5bab0000 - 0x00007ffa5bb5e000 	C:\WINDOWS\System32\ADVAPI32.dll
0x00007ffa5afc0000 - 0x00007ffa5b05c000 	C:\WINDOWS\System32\sechost.dll
0x00007ffa5b140000 - 0x00007ffa5b265000 	C:\WINDOWS\System32\RPCRT4.dll
0x00007ffa5bcf0000 - 0x00007ffa5bcf8000 	C:\WINDOWS\System32\PSAPI.DLL
0x00007ffa53f20000 - 0x00007ffa53f29000 	C:\WINDOWS\SYSTEM32\WSOCK32.dll
0x00007ffa5b270000 - 0x00007ffa5b2db000 	C:\WINDOWS\System32\WS2_32.dll
0x00007ffa51e90000 - 0x00007ffa51eb7000 	C:\WINDOWS\SYSTEM32\WINMM.dll
0x00007ffa51ec0000 - 0x00007ffa51eca000 	C:\WINDOWS\SYSTEM32\VERSION.dll
0x00007ffa58250000 - 0x00007ffa58262000 	C:\WINDOWS\SYSTEM32\kernel.appcore.dll
0x00007ffa53d00000 - 0x00007ffa53d0a000 	C:\Users\Mvideo\.jdks\openjdk-15.0.2\bin\jimage.dll
0x00007ffa4a320000 - 0x00007ffa4a504000 	C:\WINDOWS\SYSTEM32\DBGHELP.DLL
0x00007ffa4a2f0000 - 0x00007ffa4a31c000 	C:\WINDOWS\SYSTEM32\dbgcore.DLL
0x00007ffa5a620000 - 0x00007ffa5a6a2000 	C:\WINDOWS\System32\bcryptPrimitives.dll
0x00007ffa4f740000 - 0x00007ffa4f779000 	C:\Users\Mvideo\.jdks\openjdk-15.0.2\bin\jdwp.dll
0x00007ffa57ab0000 - 0x00007ffa57abe000 	C:\Users\Mvideo\.jdks\openjdk-15.0.2\bin\instrument.dll
0x00007ffa467d0000 - 0x00007ffa467f5000 	C:\Users\Mvideo\.jdks\openjdk-15.0.2\bin\java.dll
0x00007ffa42a00000 - 0x00007ffa42a18000 	C:\Users\Mvideo\.jdks\openjdk-15.0.2\bin\zip.dll

dbghelp: loaded successfully - version: 4.0.5 - missing functions: none
symbol engine: initialized successfully - sym options: 0x614 - pdb path: .;C:\Users\Mvideo\.jdks\openjdk-15.0.2\bin;C:\WINDOWS\SYSTEM32;C:\WINDOWS\WinSxS\amd64_microsoft.windows.common-controls_6595b64144ccf1df_6.0.19041.1110_none_60b5254171f9507e;C:\Users\Mvideo\.jdks\openjdk-15.0.2\bin\server

VM Arguments:
jvm_args: -agentlib:jdwp=transport=dt_socket,address=127.0.0.1:52419,suspend=y,server=n -XX:TieredStopAtLevel=1 -Xverify:none -Dspring.output.ansi.enabled=always -Dcom.sun.management.jmxremote -Dspring.jmx.enabled=true -Dspring.liveBeansView.mbeanDomain -Dspring.application.admin.enabled=true -javaagent:C:\Users\12AC~1\AppData\Local\Temp\captureAgent8jars\debugger-agent.jar -Dfile.encoding=UTF-8 
java_command: ru.praktika.kotouslugi.KotouslugiApplication
java_class_path (initial): C:\Users\Игорь Андросов\kotouslugi\target\classes;C:\Users\Игорь Андросов\.m2\repository\org\springframework\boot\spring-boot-starter-data-jpa\2.1.4.RELEASE\spring-boot-starter-data-jpa-2.1.4.RELEASE.jar;C:\Users\Игорь Андросов\.m2\repository\org\springframework\boot\spring-boot-starter-aop\2.1.4.RELEASE\spring-boot-starter-aop-2.1.4.RELEASE.jar;C:\Users\Игорь Андросов\.m2\repository\org\aspectj\aspectjweaver\1.9.2\aspectjweaver-1.9.2.jar;C:\Users\Игорь Андросов\.m2\repository\org\springframework\boot\spring-boot-starter-jdbc\2.1.4.RELEASE\spring-boot-starter-jdbc-2.1.4.RELEASE.jar;C:\Users\Игорь Андросов\.m2\repository\com\zaxxer\HikariCP\3.2.0\HikariCP-3.2.0.jar;C:\Users\Игорь Андросов\.m2\repository\org\springframework\spring-jdbc\5.1.6.RELEASE\spring-jdbc-5.1.6.RELEASE.jar;C:\Users\Игорь Андросов\.m2\repository\javax\transaction\javax.transaction-api\1.3\javax.transaction-api-1.3.jar;C:\Users\Игорь Андросов\.m2\repository\javax\xml\bind\jaxb-api\2.3.1\jaxb-api-2.3.1.jar;C:\Users\Игорь Андросов\.m2\repository\javax\activation\javax.activation-api\1.2.0\javax.activation-api-1.2.0.jar;C:\Users\Игорь Андросов\.m2\repository\org\hibernate\hibernate-core\5.3.9.Final\hibernate-core-5.3.9.Final.jar;C:\Users\Игорь Андросов\.m2\repository\org\jboss\logging\jboss-logging\3.3.2.Final\jboss-logging-3.3.2.Final.jar;C:\Users\Игорь Андросов\.m2\repository\javax\persistence\javax.persistence-api\2.2\javax.persistence-api-2.2.jar;C:\Users\Игорь Андросов\.m2\repository\org\javassist\javassist\3.23.1-GA\javassist-3.23.1-GA.jar;C:\Users\Игорь Андросов\.m2\repository\net\bytebuddy\byte-buddy\1.9.12\byte-buddy-1.9.12.jar;C:\Users\Игорь Андросов\.m2\repository\antlr\antlr\2.7.7\antlr-2.7.7.jar;C:\Users\Игорь Андросов\.m2\repository\org\jboss\jandex\2.0.5.Final\jandex-2.0.5.Final.jar;C:\Users\Игорь Андросов\.m2\repository\com\fasterxml\classmate\1.4.0\classmate-1.4.0.jar;C:\Users\Игорь Андросов\.m2\repository\org\dom4j\dom4j\2.1.1\dom4j-2.1.1.jar;C:\Users\Иг
Launcher Type: SUN_STANDARD

[Global flags]
     intx CICompilerCount                          = 2                                         {product} {ergonomic}
     uint ConcGCThreads                            = 1                                         {product} {ergonomic}
     uint G1ConcRefinementThreads                  = 2                                         {product} {ergonomic}
   size_t G1HeapRegionSize                         = 1048576                                   {product} {ergonomic}
    uintx GCDrainStackTargetSize                   = 64                                        {product} {ergonomic}
   size_t InitialHeapSize                          = 125829120                                 {product} {ergonomic}
     bool ManagementServer                         = true                                      {product} {command line}
   size_t MarkStackSize                            = 4194304                                   {product} {ergonomic}
   size_t MaxHeapSize                              = 2002780160                                {product} {ergonomic}
   size_t MinHeapDeltaBytes                        = 1048576                                   {product} {ergonomic}
   size_t MinHeapSize                              = 8388608                                   {product} {ergonomic}
    uintx NonNMethodCodeHeapSize                   = 6396312                                {pd product} {ergonomic}
    uintx NonProfiledCodeHeapSize                  = 245261928                              {pd product} {ergonomic}
    uintx ProfiledCodeHeapSize                     = 0                                      {pd product} {ergonomic}
    uintx ReservedCodeCacheSize                    = 251658240                              {pd product} {ergonomic}
     bool SegmentedCodeCache                       = true                                      {product} {ergonomic}
   size_t SoftMaxHeapSize                          = 2002780160                             {manageable} {ergonomic}
     intx TieredStopAtLevel                        = 1                                         {product} {command line}
     bool UseCompressedClassPointers               = true                                 {lp64_product} {ergonomic}
     bool UseCompressedOops                        = true                                 {lp64_product} {ergonomic}
     bool UseG1GC                                  = true                                      {product} {ergonomic}
     bool UseLargePagesIndividualAllocation        = false                                  {pd product} {ergonomic}

Logging:
Log output configuration:
 #0: stdout all=warning uptime,level,tags
 #1: stderr all=off uptime,level,tags

Environment Variables:
PATH=C:\Program Files (x86)\Common Files\Oracle\Java\javapath;C:\ProgramData\Oracle\Java\javapath;C:\WINDOWS\system32;C:\WINDOWS;C:\WINDOWS\System32\Wbem;C:\WINDOWS\System32\WindowsPowerShell\v1.0\;C:\WINDOWS\System32\OpenSSH\;c:\Program Files (x86)\Microsoft SQL Server\100\Tools\Binn\;c:\Program Files\Microsoft SQL Server\100\Tools\Binn\;c:\Program Files\Microsoft SQL Server\100\DTS\Binn\;C:\Program Files\nodejs\;D:\Git\cmd;C:\Users\Игорь Андросов\AppData\Local\Microsoft\WindowsApps;
USERNAME=Игорь Андросов
OS=Windows_NT
PROCESSOR_IDENTIFIER=AMD64 Family 21 Model 112 Stepping 0, AuthenticAMD



---------------  S Y S T E M  ---------------

OS:
 Windows 10 , 64 bit Build 19041 (10.0.19041.1466)
OS uptime: 2 days 21:33 hours

CPU: total 2 (initial active 2) (2 cores per cpu, 1 threads per core) family 21 model 112 stepping 0 microcode 0x0, cmov, cx8, fxsr, mmx, sse, sse2, sse3, ssse3, sse4.1, sse4.2, popcnt, vzeroupper, avx, avx2, aes, clmul, 3dnowpref, lzcnt, sse4a, tsc, tscinvbit, tscinv, bmi1, bmi2, fma, clflush

Memory: 4k page, system-wide physical 7637M (673M free)
TotalPageFile size 7637M (AvailPageFile size 79M)
current process WorkingSet (physical memory assigned to process): 10M, peak: 10M
current process commit charge ("private bytes"): 45M, peak: 165M

vm_info: OpenJDK 64-Bit Server VM (15.0.2+7-27) for windows-amd64 JRE (15.0.2+7-27), built on Dec  7 2020 20:02:38 by "mach5one" with unknown MS VC++:1925

END.
